Determining if the pthread_create exist failed with the following output:
Change Dir: /home/fuelfighter/ousteronly_ws/build/ouster_viz/CMakeFiles/CMakeTmp

Run Build Command:"/usr/bin/make" "cmTC_7c62b/fast"
/usr/bin/make -f CMakeFiles/cmTC_7c62b.dir/build.make CMakeFiles/cmTC_7c62b.dir/build
make[1]: Entering directory '/home/fuelfighter/ousteronly_ws/build/ouster_viz/CMakeFiles/CMakeTmp'
Building C object CMakeFiles/cmTC_7c62b.dir/CheckSymbolExists.c.o
/usr/bin/cc    -o CMakeFiles/cmTC_7c62b.dir/CheckSymbolExists.c.o   -c /home/fuelfighter/ousteronly_ws/build/ouster_viz/CMakeFiles/CMakeTmp/CheckSymbolExists.c
Linking C executable cmTC_7c62b
/usr/bin/cmake -E cmake_link_script CMakeFiles/cmTC_7c62b.dir/link.txt --verbose=1
/usr/bin/cc      -rdynamic CMakeFiles/cmTC_7c62b.dir/CheckSymbolExists.c.o  -o cmTC_7c62b 
CMakeFiles/cmTC_7c62b.dir/CheckSymbolExists.c.o: In function `main':
CheckSymbolExists.c:(.text+0x1b): undefined reference to `pthread_create'
collect2: error: ld returned 1 exit status
CMakeFiles/cmTC_7c62b.dir/build.make:97: recipe for target 'cmTC_7c62b' failed
make[1]: *** [cmTC_7c62b] Error 1
make[1]: Leaving directory '/home/fuelfighter/ousteronly_ws/build/ouster_viz/CMakeFiles/CMakeTmp'
Makefile:126: recipe for target 'cmTC_7c62b/fast' failed
make: *** [cmTC_7c62b/fast] Error 2

File /home/fuelfighter/ousteronly_ws/build/ouster_viz/CMakeFiles/CMakeTmp/CheckSymbolExists.c:
/* */
#include <pthread.h>

int main(int argc, char** argv)
{
  (void)argv;
#ifndef pthread_create
  return ((int*)(&pthread_create))[argc];
#else
  (void)argc;
  return 0;
#endif
}

Determining if the function pthread_create exists in the pthreads failed with the following output:
Change Dir: /home/fuelfighter/ousteronly_ws/build/ouster_viz/CMakeFiles/CMakeTmp

Run Build Command:"/usr/bin/make" "cmTC_59993/fast"
/usr/bin/make -f CMakeFiles/cmTC_59993.dir/build.make CMakeFiles/cmTC_59993.dir/build
make[1]: Entering directory '/home/fuelfighter/ousteronly_ws/build/ouster_viz/CMakeFiles/CMakeTmp'
Building C object CMakeFiles/cmTC_59993.dir/CheckFunctionExists.c.o
/usr/bin/cc   -DCHECK_FUNCTION_EXISTS=pthread_create   -o CMakeFiles/cmTC_59993.dir/CheckFunctionExists.c.o   -c /usr/share/cmake-3.10/Modules/CheckFunctionExists.c
Linking C executable cmTC_59993
/usr/bin/cmake -E cmake_link_script CMakeFiles/cmTC_59993.dir/link.txt --verbose=1
/usr/bin/cc  -DCHECK_FUNCTION_EXISTS=pthread_create    -rdynamic CMakeFiles/cmTC_59993.dir/CheckFunctionExists.c.o  -o cmTC_59993 -lpthreads 
/usr/bin/ld: cannot find -lpthreads
collect2: error: ld returned 1 exit status
CMakeFiles/cmTC_59993.dir/build.make:97: recipe for target 'cmTC_59993' failed
make[1]: *** [cmTC_59993] Error 1
make[1]: Leaving directory '/home/fuelfighter/ousteronly_ws/build/ouster_viz/CMakeFiles/CMakeTmp'
Makefile:126: recipe for target 'cmTC_59993/fast' failed
make: *** [cmTC_59993/fast] Error 2


