[35m[1mScanning dependencies of target sensor_msgs_generate_messages_cpp[0m
[35m[1mScanning dependencies of target _ouster_ros_generate_messages_check_deps_PacketMsg[0m
[35m[1mScanning dependencies of target std_msgs_generate_messages_py[0m
[35m[1mScanning dependencies of target geometry_msgs_generate_messages_py[0m
[35m[1mScanning dependencies of target _ouster_ros_generate_messages_check_deps_OS1ConfigSrv[0m
[35m[1mScanning dependencies of target std_msgs_generate_messages_cpp[0m
[35m[1mScanning dependencies of target pc2_test[0m
[35m[1mScanning dependencies of target geometry_msgs_generate_messages_cpp[0m
[  0%] Built target std_msgs_generate_messages_cpp
[  0%] Built target sensor_msgs_generate_messages_cpp
[  0%] Built target std_msgs_generate_messages_py
[  0%] Built target geometry_msgs_generate_messages_py
[  0%] Built target geometry_msgs_generate_messages_cpp
[35m[1mScanning dependencies of target std_msgs_generate_messages_lisp[0m
[35m[1mScanning dependencies of target geometry_msgs_generate_messages_lisp[0m
[35m[1mScanning dependencies of target sensor_msgs_generate_messages_py[0m
[35m[1mScanning dependencies of target sensor_msgs_generate_messages_lisp[0m
[35m[1mScanning dependencies of target geometry_msgs_generate_messages_eus[0m
[  0%] Built target sensor_msgs_generate_messages_py
[  0%] Built target std_msgs_generate_messages_lisp
[  0%] Built target geometry_msgs_generate_messages_lisp
[  0%] Built target sensor_msgs_generate_messages_lisp
[  0%] Built target _ouster_ros_generate_messages_check_deps_OS1ConfigSrv
[  0%] Built target _ouster_ros_generate_messages_check_deps_PacketMsg
[  0%] Built target geometry_msgs_generate_messages_eus
[35m[1mScanning dependencies of target sensor_msgs_generate_messages_eus[0m
[35m[1mScanning dependencies of target sensor_msgs_generate_messages_nodejs[0m
[35m[1mScanning dependencies of target std_msgs_generate_messages_eus[0m
[35m[1mScanning dependencies of target geometry_msgs_generate_messages_nodejs[0m
[35m[1mScanning dependencies of target std_msgs_generate_messages_nodejs[0m
[35m[1mScanning dependencies of target ouster_ros_generate_messages_cpp[0m
[35m[1mScanning dependencies of target ouster_ros_generate_messages_py[0m
[  0%] Built target sensor_msgs_generate_messages_eus
[  0%] Built target std_msgs_generate_messages_eus
[  0%] Built target geometry_msgs_generate_messages_nodejs
[  0%] Built target sensor_msgs_generate_messages_nodejs
[  0%] Built target std_msgs_generate_messages_nodejs
[  8%] [32mBuilding CXX object CMakeFiles/pc2_test.dir/src/pc2_test.cpp.o[0m
[  8%] [34m[1mGenerating C++ code from ouster_ros/PacketMsg.msg[0m
[ 12%] [34m[1mGenerating Python from MSG ouster_ros/PacketMsg[0m
[ 16%] [34m[1mGenerating Python code from SRV ouster_ros/OS1ConfigSrv[0m
[35m[1mScanning dependencies of target ouster_ros_generate_messages_eus[0m
[35m[1mScanning dependencies of target ouster_ros_generate_messages_lisp[0m
[ 20%] [34m[1mGenerating C++ code from ouster_ros/OS1ConfigSrv.srv[0m
[35m[1mScanning dependencies of target ouster_ros_generate_messages_nodejs[0m
[ 28%] [34m[1mGenerating EusLisp code from ouster_ros/PacketMsg.msg[0m
[ 28%] [34m[1mGenerating Lisp code from ouster_ros/PacketMsg.msg[0m
[ 32%] [34m[1mGenerating Javascript code from ouster_ros/PacketMsg.msg[0m
[ 36%] [34m[1mGenerating Lisp code from ouster_ros/OS1ConfigSrv.srv[0m
[ 40%] [34m[1mGenerating Javascript code from ouster_ros/OS1ConfigSrv.srv[0m
[ 44%] [34m[1mGenerating EusLisp code from ouster_ros/OS1ConfigSrv.srv[0m
[ 48%] [34m[1mGenerating EusLisp manifest code for ouster_ros[0m
[ 52%] [34m[1mGenerating Python msg __init__.py for ouster_ros[0m
[ 52%] Built target ouster_ros_generate_messages_lisp
[ 52%] Built target ouster_ros_generate_messages_nodejs
[ 56%] [34m[1mGenerating Python srv __init__.py for ouster_ros[0m
[ 56%] Built target ouster_ros_generate_messages_cpp
[35m[1mScanning dependencies of target ouster_ros_gencpp[0m
[ 56%] Built target ouster_ros_gencpp
[ 56%] Built target ouster_ros_generate_messages_py
[35m[1mScanning dependencies of target viz_node[0m
[35m[1mScanning dependencies of target ouster_ros[0m
[ 60%] [32mBuilding CXX object CMakeFiles/viz_node.dir/src/viz_node.cpp.o[0m
[ 64%] [32mBuilding CXX object CMakeFiles/ouster_ros.dir/src/os1_ros.cpp.o[0m
[ 64%] Built target ouster_ros_generate_messages_eus
[35m[1mScanning dependencies of target ouster_ros_generate_messages[0m
[ 64%] Built target ouster_ros_generate_messages
[ 68%] [32m[1mLinking CXX executable /home/fuelfighter/ousteronly_ws/devel/.private/ouster_ros/lib/ouster_ros/pc2_test[0m
[ 72%] [32m[1mLinking CXX static library /home/fuelfighter/ousteronly_ws/devel/.private/ouster_ros/lib/libouster_ros.a[0m
[ 72%] Built target ouster_ros
[35m[1mScanning dependencies of target os1_node[0m
[35m[1mScanning dependencies of target os1_cloud_node[0m
[35m[1mScanning dependencies of target img_node[0m
[ 76%] [32mBuilding CXX object CMakeFiles/os1_node.dir/src/os1_node.cpp.o[0m
[ 80%] [32mBuilding CXX object CMakeFiles/os1_cloud_node.dir/src/os1_cloud_node.cpp.o[0m
[ 84%] [32mBuilding CXX object CMakeFiles/img_node.dir/src/img_node.cpp.o[0m
[ 84%] Built target pc2_test
[ 88%] [32m[1mLinking CXX executable /home/fuelfighter/ousteronly_ws/devel/.private/ouster_ros/lib/ouster_ros/viz_node[0m
[ 88%] Built target viz_node
[ 92%] [32m[1mLinking CXX executable /home/fuelfighter/ousteronly_ws/devel/.private/ouster_ros/lib/ouster_ros/os1_node[0m
[ 96%] [32m[1mLinking CXX executable /home/fuelfighter/ousteronly_ws/devel/.private/ouster_ros/lib/ouster_ros/os1_cloud_node[0m
[ 96%] Built target os1_node
[ 96%] Built target os1_cloud_node
[100%] [32m[1mLinking CXX executable /home/fuelfighter/ousteronly_ws/devel/.private/ouster_ros/lib/ouster_ros/img_node[0m
[100%] Built target img_node
