Determining if the pthread_create exist failed with the following output:
Change Dir: /home/fuelfighter/ousteronly_ws/build/ouster_client/CMakeFiles/CMakeTmp

Run Build Command:"/usr/bin/make" "cmTC_d7c79/fast"
/usr/bin/make -f CMakeFiles/cmTC_d7c79.dir/build.make CMakeFiles/cmTC_d7c79.dir/build
make[1]: Entering directory '/home/fuelfighter/ousteronly_ws/build/ouster_client/CMakeFiles/CMakeTmp'
Building C object CMakeFiles/cmTC_d7c79.dir/CheckSymbolExists.c.o
/usr/bin/cc    -o CMakeFiles/cmTC_d7c79.dir/CheckSymbolExists.c.o   -c /home/fuelfighter/ousteronly_ws/build/ouster_client/CMakeFiles/CMakeTmp/CheckSymbolExists.c
Linking C executable cmTC_d7c79
/usr/bin/cmake -E cmake_link_script CMakeFiles/cmTC_d7c79.dir/link.txt --verbose=1
/usr/bin/cc      -rdynamic CMakeFiles/cmTC_d7c79.dir/CheckSymbolExists.c.o  -o cmTC_d7c79 
CMakeFiles/cmTC_d7c79.dir/CheckSymbolExists.c.o: In function `main':
CheckSymbolExists.c:(.text+0x1b): undefined reference to `pthread_create'
collect2: error: ld returned 1 exit status
CMakeFiles/cmTC_d7c79.dir/build.make:97: recipe for target 'cmTC_d7c79' failed
make[1]: *** [cmTC_d7c79] Error 1
make[1]: Leaving directory '/home/fuelfighter/ousteronly_ws/build/ouster_client/CMakeFiles/CMakeTmp'
Makefile:126: recipe for target 'cmTC_d7c79/fast' failed
make: *** [cmTC_d7c79/fast] Error 2

File /home/fuelfighter/ousteronly_ws/build/ouster_client/CMakeFiles/CMakeTmp/CheckSymbolExists.c:
/* */
#include <pthread.h>

int main(int argc, char** argv)
{
  (void)argv;
#ifndef pthread_create
  return ((int*)(&pthread_create))[argc];
#else
  (void)argc;
  return 0;
#endif
}

Determining if the function pthread_create exists in the pthreads failed with the following output:
Change Dir: /home/fuelfighter/ousteronly_ws/build/ouster_client/CMakeFiles/CMakeTmp

Run Build Command:"/usr/bin/make" "cmTC_ecb7c/fast"
/usr/bin/make -f CMakeFiles/cmTC_ecb7c.dir/build.make CMakeFiles/cmTC_ecb7c.dir/build
make[1]: Entering directory '/home/fuelfighter/ousteronly_ws/build/ouster_client/CMakeFiles/CMakeTmp'
Building C object CMakeFiles/cmTC_ecb7c.dir/CheckFunctionExists.c.o
/usr/bin/cc   -DCHECK_FUNCTION_EXISTS=pthread_create   -o CMakeFiles/cmTC_ecb7c.dir/CheckFunctionExists.c.o   -c /usr/share/cmake-3.10/Modules/CheckFunctionExists.c
Linking C executable cmTC_ecb7c
/usr/bin/cmake -E cmake_link_script CMakeFiles/cmTC_ecb7c.dir/link.txt --verbose=1
/usr/bin/cc  -DCHECK_FUNCTION_EXISTS=pthread_create    -rdynamic CMakeFiles/cmTC_ecb7c.dir/CheckFunctionExists.c.o  -o cmTC_ecb7c -lpthreads 
/usr/bin/ld: cannot find -lpthreads
collect2: error: ld returned 1 exit status
CMakeFiles/cmTC_ecb7c.dir/build.make:97: recipe for target 'cmTC_ecb7c' failed
make[1]: *** [cmTC_ecb7c] Error 1
make[1]: Leaving directory '/home/fuelfighter/ousteronly_ws/build/ouster_client/CMakeFiles/CMakeTmp'
Makefile:126: recipe for target 'cmTC_ecb7c/fast' failed
make: *** [cmTC_ecb7c/fast] Error 2


